c:\users\jasmine\documents\github\bombermanproject\bomberman\bomberman\debug\vc140.pdb
c:\users\jasmine\documents\github\bombermanproject\bomberman\bomberman\debug\vc140.idb
c:\users\jasmine\documents\github\bombermanproject\bomberman\bomberman\debug\bomberman.obj
c:\users\jasmine\documents\github\bombermanproject\bomberman\bomberman\debug\bombe.obj
c:\users\jasmine\documents\github\bombermanproject\bomberman\bomberman\debug\ennemi.obj
c:\users\jasmine\documents\github\bombermanproject\bomberman\bomberman\debug\main.obj
c:\users\jasmine\documents\github\bombermanproject\bomberman\bomberman\debug\niveau.obj
c:\users\jasmine\documents\github\bombermanproject\bomberman\bomberman\debug\personnage.obj
c:\users\jasmine\documents\github\bombermanproject\bomberman\bomberman\debug\ennemialeatoire.obj
c:\users\jasmine\documents\github\bombermanproject\bomberman\bomberman\debug\ennemiallerretour.obj
c:\users\jasmine\documents\github\bombermanproject\bomberman\debug\bomberman.ilk
c:\users\jasmine\documents\github\bombermanproject\bomberman\debug\bomberman.exe
c:\users\jasmine\documents\github\bombermanproject\bomberman\debug\bomberman.pdb
c:\users\maxime\documents\github\bombermanproject\bomberman\bomberman\debug\bomberman.obj
c:\users\maxime\documents\github\bombermanproject\bomberman\bomberman\debug\vc140.idb
c:\users\maxime\documents\github\bombermanproject\bomberman\bomberman\debug\vc140.pdb
c:\users\maxime\documents\github\bombermanproject\bomberman\debug\bomberman.pdb
c:\users\maxime\documents\github\bombermanproject\bomberman\debug\bomberman.exe
c:\users\maxime\documents\github\bombermanproject\bomberman\debug\bomberman.ilk
c:\users\maxime\documents\github\bombermanproject\bomberman\bomberman\debug\bomberman.tlog\cl.command.1.tlog
c:\users\maxime\documents\github\bombermanproject\bomberman\bomberman\debug\bomberman.tlog\cl.read.1.tlog
c:\users\maxime\documents\github\bombermanproject\bomberman\bomberman\debug\bomberman.tlog\cl.write.1.tlog
c:\users\maxime\documents\github\bombermanproject\bomberman\bomberman\debug\bomberman.tlog\link.command.1.tlog
c:\users\maxime\documents\github\bombermanproject\bomberman\bomberman\debug\bomberman.tlog\link.read.1.tlog
c:\users\maxime\documents\github\bombermanproject\bomberman\bomberman\debug\bomberman.tlog\link.write.1.tlog
